<?xml version="1.0" encoding="UTF-8"?>
<testng-results ignored="0" total="1" passed="1" failed="0" skipped="0">
  <reporter-output>
  </reporter-output>
  <suite started-at="2024-09-18T00:08:51 IST" name="Default suite" finished-at="2024-09-18T00:08:56 IST" duration-ms="4229">
    <groups>
    </groups>
    <test started-at="2024-09-18T00:08:51 IST" name="Default test" finished-at="2024-09-18T00:08:56 IST" duration-ms="4229">
      <class name="httpBacicRequest.Post_BDDHashMap">
        <test-method signature="createResource()[pri:0, instance:httpBacicRequest.Post_BDDHashMap@16a0ee18]" started-at="2024-09-18T00:08:51 IST" name="createResource" finished-at="2024-09-18T00:08:56 IST" duration-ms="4190" status="PASS">
          <reporter-output>
          </reporter-output>
        </test-method> <!-- createResource -->
      </class> <!-- httpBacicRequest.Post_BDDHashMap -->
    </test> <!-- Default test -->
  </suite> <!-- Default suite -->
</testng-results>
